/*C2*/SET SCHEMA PUBLIC
DISCONNECT
/*C3*/SET SCHEMA PUBLIC
INSERT INTO LABORATORIOS VALUES(6,'LAMI 4','Descri\u00c3\u00a7\u00c3\u00a3o ',0)
COMMIT
DISCONNECT
/*C4*/SET SCHEMA PUBLIC
DISCONNECT
/*C5*/SET SCHEMA PUBLIC
DISCONNECT
/*C6*/SET SCHEMA PUBLIC
DISCONNECT
/*C7*/SET SCHEMA PUBLIC
DISCONNECT
/*C8*/SET SCHEMA PUBLIC
DISCONNECT
/*C9*/SET SCHEMA PUBLIC
DELETE FROM LABORATORIOS WHERE LABORATORIO_ID=3
COMMIT
DELETE FROM LABORATORIOS WHERE LABORATORIO_ID=6
COMMIT
DISCONNECT
